                              1 ;--------------------------------------------------------
                              2 ; File Created by SDCC : free open source ANSI-C Compiler
                              3 ; Version 3.6.9 #9960 (MINGW64)
                              4 ;--------------------------------------------------------
                              5 	.module main
                              6 	.optsdcc -mz80
                              7 	
                              8 ;--------------------------------------------------------
                              9 ; Public variables in this module
                             10 ;--------------------------------------------------------
                             11 	.globl _main
                             12 	.globl _SG_waitForVBlank
                             13 	.globl _SG_setBackdropColor
                             14 	.globl _SG_VDPturnOnFeature
                             15 ;--------------------------------------------------------
                             16 ; special function registers
                             17 ;--------------------------------------------------------
                             18 ;--------------------------------------------------------
                             19 ; ram data
                             20 ;--------------------------------------------------------
                             21 	.area _DATA
                             22 ;--------------------------------------------------------
                             23 ; ram data
                             24 ;--------------------------------------------------------
                             25 	.area _INITIALIZED
                             26 ;--------------------------------------------------------
                             27 ; absolute external ram data
                             28 ;--------------------------------------------------------
                             29 	.area _DABS (ABS)
                             30 ;--------------------------------------------------------
                             31 ; global & static initialisations
                             32 ;--------------------------------------------------------
                             33 	.area _HOME
                             34 	.area _GSINIT
                             35 	.area _GSFINAL
                             36 	.area _GSINIT
                             37 ;--------------------------------------------------------
                             38 ; Home
                             39 ;--------------------------------------------------------
                             40 	.area _HOME
                             41 	.area _HOME
                             42 ;--------------------------------------------------------
                             43 ; code
                             44 ;--------------------------------------------------------
                             45 	.area _CODE
                             46 ;main.c:3: void main(void)
                             47 ;	---------------------------------
                             48 ; Function main
                             49 ; ---------------------------------
   0000                      50 _main::
                             51 ;main.c:5: SG_setBackdropColor(SG_COLOR_LIGHT_RED);
   0000 3E 09         [ 7]   52 	ld	a, #0x09
   0002 F5            [11]   53 	push	af
   0003 33            [ 6]   54 	inc	sp
   0004 CDr00r00      [17]   55 	call	_SG_setBackdropColor
   0007 33            [ 6]   56 	inc	sp
                             57 ;main.c:6: SG_displayOn();
   0008 21 40 01      [10]   58 	ld	hl, #0x0140
   000B E5            [11]   59 	push	hl
   000C CDr00r00      [17]   60 	call	_SG_VDPturnOnFeature
   000F F1            [10]   61 	pop	af
   0010                      62 00102$:
                             63 ;main.c:9: SG_waitForVBlank();
   0010 CDr00r00      [17]   64 	call	_SG_waitForVBlank
   0013 18 FB         [12]   65 	jr	00102$
                             66 	.area _CODE
                             67 	.area _INITIALIZER
                             68 	.area _CABS (ABS)
